0 verbose cli /data/data/com.termux/files/usr/bin/node /data/data/com.termux/files/usr/bin/npm
1 info using npm@8.15.0
2 info using node@v18.7.0
3 timing npm:load:whichnode Completed in 2ms
4 timing config:load:defaults Completed in 11ms
5 timing config:load:file:/data/data/com.termux/files/usr/lib/node_modules/npm/npmrc Completed in 5ms
6 timing config:load:builtin Completed in 6ms
7 timing config:load:cli Completed in 9ms
8 timing config:load:env Completed in 2ms
9 timing config:load:project Completed in 28ms
10 timing config:load:file:/data/data/com.termux/files/home/.npmrc Completed in 10ms
11 timing config:load:user Completed in 10ms
12 timing config:load:file:/data/data/com.termux/files/usr/etc/npmrc Completed in 1ms
13 timing config:load:global Completed in 2ms
14 timing config:load:validate Completed in 3ms
15 timing config:load:credentials Completed in 5ms
16 timing config:load:setEnvs Completed in 6ms
17 timing config:load Completed in 87ms
18 timing npm:load:configload Completed in 88ms
19 timing npm:load:mkdirpcache Completed in 21ms
20 timing npm:load:mkdirplogs Completed in 2ms
21 verbose title npm install yt-search
22 verbose argv "install" "yt-search"
23 timing npm:load:setTitle Completed in 7ms
24 timing config:load:flatten Completed in 17ms
25 timing npm:load:display Completed in 28ms
26 verbose logfile logs-max:10 dir:/data/data/com.termux/files/home/.npm/_logs
27 verbose logfile /data/data/com.termux/files/home/.npm/_logs/2022-08-22T05_54_56_505Z-debug-0.log
28 timing npm:load:logFile Completed in 32ms
29 timing npm:load:timers Completed in 1ms
30 timing npm:load:configScope Completed in 0ms
31 timing npm:load Completed in 187ms
32 timing arborist:ctor Completed in 4ms
33 silly logfile done cleaning log files
34 timing idealTree:init Completed in 283ms
35 timing idealTree:userRequests Completed in 9ms
36 silly idealTree buildDeps
37 silly fetch manifest yt-search@*
38 timing arborist:ctor Completed in 1ms
39 http fetch GET 200 https://registry.npmjs.org/yt-search 1963ms (cache miss)
40 silly placeDep ROOT yt-search@2.10.3 OK for:  want: *
41 silly fetch manifest async.parallellimit@~0.5.2
42 silly fetch manifest boolstring@~1.0.2
43 silly fetch manifest cheerio@^1.0.0-rc.10
44 silly fetch manifest dasu@~0.4.3
45 silly fetch manifest human-time@0.0.2
46 silly fetch manifest jsonpath-plus@~5.0.2
47 silly fetch manifest minimist@~1.2.5
48 silly fetch manifest node-fzf@~0.5.1
49 http fetch GET 200 https://registry.npmjs.org/human-time 714ms (cache miss)
50 http fetch GET 200 https://registry.npmjs.org/boolstring 730ms (cache miss)
51 http fetch GET 200 https://registry.npmjs.org/async.parallellimit 739ms (cache miss)
52 http fetch GET 200 https://registry.npmjs.org/minimist 736ms (cache miss)
53 http fetch GET 200 https://registry.npmjs.org/dasu 761ms (cache miss)
54 http fetch GET 200 https://registry.npmjs.org/node-fzf 761ms (cache miss)
55 http fetch GET 200 https://registry.npmjs.org/cheerio 801ms (cache miss)
56 http fetch GET 200 https://registry.npmjs.org/jsonpath-plus 805ms (cache miss)
57 timing idealTree:#root Completed in 2857ms
58 silly placeDep ROOT async.parallellimit@0.5.2 OK for: yt-search@2.10.3 want: ~0.5.2
59 silly placeDep ROOT boolstring@1.0.2 OK for: yt-search@2.10.3 want: ~1.0.2
60 silly placeDep ROOT cheerio@1.0.0-rc.12 OK for: yt-search@2.10.3 want: ^1.0.0-rc.10
61 silly placeDep ROOT dasu@0.4.3 OK for: yt-search@2.10.3 want: ~0.4.3
62 silly placeDep ROOT human-time@0.0.2 OK for: yt-search@2.10.3 want: 0.0.2
63 silly placeDep ROOT jsonpath-plus@5.0.7 OK for: yt-search@2.10.3 want: ~5.0.2
64 silly placeDep ROOT minimist@1.2.6 OK for: yt-search@2.10.3 want: ~1.2.5
65 silly placeDep ROOT node-fzf@0.5.3 OK for: yt-search@2.10.3 want: ~0.5.1
66 silly fetch manifest async.util.eachoflimit@0.5.2
67 silly fetch manifest async.util.parallel@0.5.2
68 silly fetch manifest cheerio-select@^2.1.0
69 silly fetch manifest dom-serializer@^2.0.0
70 silly fetch manifest domhandler@^5.0.3
71 silly fetch manifest domutils@^3.0.1
72 silly fetch manifest htmlparser2@^8.0.1
73 silly fetch manifest parse5@^7.0.0
74 silly fetch manifest parse5-htmlparser2-tree-adapter@^7.0.0
75 silly fetch manifest cli-color@~1.2.0
76 silly fetch manifest keypress@~0.2.1
77 silly fetch manifest redstar@0.0.2
78 silly fetch manifest string-width@~2.1.1
79 silly fetch manifest ttys@0.0.3
80 http fetch GET 200 https://registry.npmjs.org/async.util.eachoflimit 412ms (cache miss)
81 http fetch GET 200 https://registry.npmjs.org/cheerio-select 415ms (cache miss)
82 http fetch GET 200 https://registry.npmjs.org/domhandler 415ms (cache miss)
83 http fetch GET 200 https://registry.npmjs.org/dom-serializer 425ms (cache miss)
84 http fetch GET 200 https://registry.npmjs.org/domutils 454ms (cache miss)
85 http fetch GET 200 https://registry.npmjs.org/parse5 453ms (cache miss)
86 http fetch GET 200 https://registry.npmjs.org/htmlparser2 469ms (cache miss)
87 http fetch GET 200 https://registry.npmjs.org/async.util.parallel 496ms (cache miss)
88 http fetch GET 200 https://registry.npmjs.org/cli-color 759ms (cache miss)
89 http fetch GET 200 https://registry.npmjs.org/parse5-htmlparser2-tree-adapter 769ms (cache miss)
90 http fetch GET 200 https://registry.npmjs.org/string-width 764ms (cache miss)
91 http fetch GET 200 https://registry.npmjs.org/keypress 911ms (cache miss)
92 http fetch GET 200 https://registry.npmjs.org/ttys 950ms (cache miss)
93 http fetch GET 200 https://registry.npmjs.org/redstar 1471ms (cache miss)
94 timing idealTree:node_modules/yt-search Completed in 1601ms
95 silly placeDep ROOT async.util.eachoflimit@0.5.2 OK for: async.parallellimit@0.5.2 want: 0.5.2
96 silly placeDep ROOT async.util.parallel@0.5.2 OK for: async.parallellimit@0.5.2 want: 0.5.2
97 silly fetch manifest async.util.keyiterator@0.5.2
98 silly fetch manifest async.util.noop@0.5.2
99 silly fetch manifest async.util.once@0.5.2
100 silly fetch manifest async.util.onlyonce@0.5.2
101 silly fetch manifest async.util.isarraylike@0.5.2
102 silly fetch manifest async.util.restparam@0.5.2
103 http fetch GET 200 https://registry.npmjs.org/async.util.keyiterator 285ms (cache miss)
104 http fetch GET 200 https://registry.npmjs.org/async.util.onlyonce 563ms (cache miss)
105 http fetch GET 200 https://registry.npmjs.org/async.util.noop 592ms (cache miss)
106 http fetch GET 200 https://registry.npmjs.org/async.util.once 1070ms (cache miss)
107 http fetch GET 200 https://registry.npmjs.org/async.util.restparam 1138ms (cache miss)
108 http fetch GET 200 https://registry.npmjs.org/async.util.isarraylike 1159ms (cache miss)
109 timing idealTree:node_modules/async.parallellimit Completed in 1259ms
110 silly placeDep ROOT async.util.keyiterator@0.5.2 OK for: async.util.eachoflimit@0.5.2 want: 0.5.2
111 silly placeDep ROOT async.util.noop@0.5.2 OK for: async.util.eachoflimit@0.5.2 want: 0.5.2
112 silly placeDep ROOT async.util.once@0.5.2 OK for: async.util.eachoflimit@0.5.2 want: 0.5.2
113 silly placeDep ROOT async.util.onlyonce@0.5.2 OK for: async.util.eachoflimit@0.5.2 want: 0.5.2
114 silly fetch manifest async.util.keys@0.5.2
115 http fetch GET 200 https://registry.npmjs.org/async.util.keys 203ms (cache miss)
116 timing idealTree:node_modules/async.util.eachoflimit Completed in 264ms
117 silly placeDep ROOT async.util.isarraylike@0.5.2 OK for: async.util.keyiterator@0.5.2 want: 0.5.2
118 silly placeDep ROOT async.util.keys@0.5.2 OK for: async.util.keyiterator@0.5.2 want: 0.5.2
119 silly fetch manifest async.util.isarray@0.5.2
120 http fetch GET 200 https://registry.npmjs.org/async.util.isarray 192ms (cache miss)
121 timing idealTree:node_modules/async.util.keyiterator Completed in 235ms
122 silly placeDep ROOT async.util.isarray@0.5.2 OK for: async.util.isarraylike@0.5.2 want: 0.5.2
123 timing idealTree:node_modules/async.util.isarraylike Completed in 12ms
124 timing idealTree:node_modules/async.util.isarray Completed in 0ms
125 timing idealTree:node_modules/async.util.keys Completed in 2ms
126 timing idealTree:node_modules/async.util.noop Completed in 0ms
127 timing idealTree:node_modules/async.util.once Completed in 0ms
128 timing idealTree:node_modules/async.util.onlyonce Completed in 0ms
129 silly placeDep ROOT async.util.restparam@0.5.2 OK for: async.util.parallel@0.5.2 want: 0.5.2
130 timing idealTree:node_modules/async.util.parallel Completed in 13ms
131 timing idealTree:node_modules/async.util.restparam Completed in 1ms
132 timing idealTree:node_modules/boolstring Completed in 0ms
133 silly placeDep ROOT cheerio-select@2.1.0 OK for: cheerio@1.0.0-rc.12 want: ^2.1.0
134 silly placeDep ROOT dom-serializer@2.0.0 OK for: cheerio@1.0.0-rc.12 want: ^2.0.0
135 silly placeDep ROOT domhandler@5.0.3 OK for: cheerio@1.0.0-rc.12 want: ^5.0.3
136 silly placeDep ROOT domutils@3.0.1 OK for: cheerio@1.0.0-rc.12 want: ^3.0.1
137 silly placeDep ROOT htmlparser2@8.0.1 OK for: cheerio@1.0.0-rc.12 want: ^8.0.1
138 silly placeDep ROOT parse5@7.0.0 OK for: cheerio@1.0.0-rc.12 want: ^7.0.0
139 silly placeDep ROOT parse5-htmlparser2-tree-adapter@7.0.0 OK for: cheerio@1.0.0-rc.12 want: ^7.0.0
140 silly fetch manifest boolbase@^1.0.0
141 silly fetch manifest css-select@^5.1.0
142 silly fetch manifest css-what@^6.1.0
143 silly fetch manifest domelementtype@^2.3.0
144 silly fetch manifest entities@^4.2.0
145 silly fetch manifest entities@^4.3.0
146 http fetch GET 200 https://registry.npmjs.org/boolbase 210ms (cache miss)
147 http fetch GET 200 https://registry.npmjs.org/domelementtype 383ms (cache miss)
148 http fetch GET 200 https://registry.npmjs.org/entities 386ms (cache miss)
149 http fetch GET 200 https://registry.npmjs.org/entities 383ms (cache miss)
150 http fetch GET 200 https://registry.npmjs.org/css-what 409ms (cache miss)
151 http fetch GET 200 https://registry.npmjs.org/css-select 420ms (cache miss)
152 timing idealTree:node_modules/cheerio Completed in 509ms
153 silly placeDep ROOT boolbase@1.0.0 OK for: cheerio-select@2.1.0 want: ^1.0.0
154 silly placeDep ROOT css-select@5.1.0 OK for: cheerio-select@2.1.0 want: ^5.1.0
155 silly placeDep ROOT css-what@6.1.0 OK for: cheerio-select@2.1.0 want: ^6.1.0
156 silly placeDep ROOT domelementtype@2.3.0 OK for: cheerio-select@2.1.0 want: ^2.3.0
157 silly fetch manifest nth-check@^2.0.1
158 http fetch GET 200 https://registry.npmjs.org/nth-check 191ms (cache miss)
159 timing idealTree:node_modules/cheerio-select Completed in 235ms
160 timing idealTree:node_modules/boolbase Completed in 1ms
161 silly placeDep ROOT nth-check@2.1.1 OK for: css-select@5.1.0 want: ^2.0.1
162 timing idealTree:node_modules/css-select Completed in 14ms
163 timing idealTree:node_modules/css-what Completed in 0ms
164 timing idealTree:node_modules/dasu Completed in 0ms
165 silly placeDep ROOT entities@4.3.1 OK for: dom-serializer@2.0.0 want: ^4.2.0
166 timing idealTree:node_modules/dom-serializer Completed in 13ms
167 timing idealTree:node_modules/domelementtype Completed in 0ms
168 timing idealTree:node_modules/domhandler Completed in 0ms
169 timing idealTree:node_modules/domutils Completed in 1ms
170 timing idealTree:node_modules/entities Completed in 0ms
171 timing idealTree:node_modules/htmlparser2 Completed in 1ms
172 timing idealTree:node_modules/human-time Completed in 0ms
173 timing idealTree:node_modules/jsonpath-plus Completed in 1ms
174 timing idealTree:node_modules/minimist Completed in 0ms
175 silly placeDep ROOT cli-color@1.2.0 OK for: node-fzf@0.5.3 want: ~1.2.0
176 silly placeDep ROOT keypress@0.2.1 OK for: node-fzf@0.5.3 want: ~0.2.1
177 silly placeDep ROOT redstar@0.0.2 OK for: node-fzf@0.5.3 want: 0.0.2
178 silly placeDep ROOT string-width@2.1.1 OK for: node-fzf@0.5.3 want: ~2.1.1
179 silly placeDep ROOT ttys@0.0.3 OK for: node-fzf@0.5.3 want: 0.0.3
180 silly fetch manifest ansi-regex@^2.1.1
181 silly fetch manifest d@1
182 silly fetch manifest es5-ext@^0.10.12
183 silly fetch manifest es6-iterator@2
184 silly fetch manifest memoizee@^0.4.3
185 silly fetch manifest timers-ext@0.1
186 silly fetch manifest minimatch@~3.0.4
187 silly fetch manifest is-fullwidth-code-point@^2.0.0
188 silly fetch manifest strip-ansi@^4.0.0
189 http fetch GET 200 https://registry.npmjs.org/is-fullwidth-code-point 290ms (cache miss)
190 http fetch GET 200 https://registry.npmjs.org/d 377ms (cache miss)
191 http fetch GET 200 https://registry.npmjs.org/ansi-regex 392ms (cache miss)
192 http fetch GET 200 https://registry.npmjs.org/memoizee 389ms (cache miss)
193 http fetch GET 200 https://registry.npmjs.org/es5-ext 414ms (cache miss)
194 http fetch GET 200 https://registry.npmjs.org/strip-ansi 390ms (cache miss)
195 http fetch GET 200 https://registry.npmjs.org/timers-ext 411ms (cache miss)
196 http fetch GET 200 https://registry.npmjs.org/minimatch 407ms (cache miss)
197 http fetch GET 200 https://registry.npmjs.org/es6-iterator 445ms (cache miss)
198 timing idealTree:node_modules/node-fzf Completed in 527ms
199 silly placeDep ROOT ansi-regex@2.1.1 OK for: cli-color@1.2.0 want: ^2.1.1
200 silly placeDep ROOT d@1.0.1 OK for: cli-color@1.2.0 want: 1
201 silly placeDep ROOT es5-ext@0.10.62 OK for: cli-color@1.2.0 want: ^0.10.12
202 silly placeDep ROOT es6-iterator@2.0.3 OK for: cli-color@1.2.0 want: 2
203 silly placeDep ROOT memoizee@0.4.15 OK for: cli-color@1.2.0 want: ^0.4.3
204 silly placeDep ROOT timers-ext@0.1.7 OK for: cli-color@1.2.0 want: 0.1
205 silly fetch manifest type@^1.0.1
206 silly fetch manifest es6-symbol@^3.1.3
207 silly fetch manifest next-tick@^1.1.0
208 silly fetch manifest es6-symbol@^3.1.1
209 silly fetch manifest es6-weak-map@^2.0.3
210 silly fetch manifest event-emitter@^0.3.5
211 silly fetch manifest is-promise@^2.2.2
212 silly fetch manifest lru-queue@^0.1.0
213 silly fetch manifest next-tick@1
214 http fetch GET 200 https://registry.npmjs.org/es6-symbol 643ms (cache miss)
215 http fetch GET 200 https://registry.npmjs.org/next-tick 656ms (cache miss)
216 http fetch GET 200 https://registry.npmjs.org/es6-symbol 664ms (cache miss)
217 http fetch GET 200 https://registry.npmjs.org/es6-weak-map 646ms (cache miss)
218 http fetch GET 200 https://registry.npmjs.org/is-promise 635ms (cache miss)
219 http fetch GET 200 https://registry.npmjs.org/next-tick 625ms (cache miss)
220 http fetch GET 200 https://registry.npmjs.org/event-emitter 648ms (cache miss)
221 http fetch GET 200 https://registry.npmjs.org/type 687ms (cache miss)
222 http fetch GET 200 https://registry.npmjs.org/lru-queue 645ms (cache miss)
223 timing idealTree:node_modules/cli-color Completed in 783ms
224 timing idealTree:node_modules/ansi-regex Completed in 0ms
225 silly placeDep ROOT type@1.2.0 OK for: d@1.0.1 want: ^1.0.1
226 timing idealTree:node_modules/d Completed in 7ms
227 silly placeDep ROOT es6-symbol@3.1.3 OK for: es5-ext@0.10.62 want: ^3.1.3
228 silly placeDep ROOT next-tick@1.1.0 OK for: es5-ext@0.10.62 want: ^1.1.0
229 silly fetch manifest ext@^1.1.2
230 http fetch GET 200 https://registry.npmjs.org/ext 207ms (cache miss)
231 timing idealTree:node_modules/es5-ext Completed in 234ms
232 timing idealTree:node_modules/es6-iterator Completed in 0ms
233 silly placeDep ROOT ext@1.6.0 OK for: es6-symbol@3.1.3 want: ^1.1.2
234 silly fetch manifest type@^2.5.0
235 timing idealTree:node_modules/es6-symbol Completed in 16ms
236 silly placeDep node_modules/ext type@2.7.2 OK for: ext@1.6.0 want: ^2.5.0
237 timing idealTree:node_modules/ext Completed in 14ms
238 timing idealTree:node_modules/keypress Completed in 0ms
239 silly placeDep ROOT es6-weak-map@2.0.3 OK for: memoizee@0.4.15 want: ^2.0.3
240 silly placeDep ROOT event-emitter@0.3.5 OK for: memoizee@0.4.15 want: ^0.3.5
241 silly placeDep ROOT is-promise@2.2.2 OK for: memoizee@0.4.15 want: ^2.2.2
242 silly placeDep ROOT lru-queue@0.1.0 OK for: memoizee@0.4.15 want: ^0.1.0
243 timing idealTree:node_modules/memoizee Completed in 43ms
244 timing idealTree:node_modules/es6-weak-map Completed in 1ms
245 timing idealTree:node_modules/event-emitter Completed in 0ms
246 timing idealTree:node_modules/is-promise Completed in 0ms
247 timing idealTree:node_modules/lru-queue Completed in 0ms
248 timing idealTree:node_modules/next-tick Completed in 0ms
249 timing idealTree:node_modules/nth-check Completed in 0ms
250 timing idealTree:node_modules/parse5 Completed in 0ms
251 timing idealTree:node_modules/parse5-htmlparser2-tree-adapter Completed in 1ms
252 silly placeDep ROOT minimatch@3.0.8 OK for: redstar@0.0.2 want: ~3.0.4
253 silly fetch manifest brace-expansion@^1.1.7
254 http fetch GET 200 https://registry.npmjs.org/brace-expansion 162ms (cache miss)
255 timing idealTree:node_modules/redstar Completed in 183ms
256 silly placeDep ROOT brace-expansion@1.1.11 OK for: minimatch@3.0.8 want: ^1.1.7
257 silly fetch manifest balanced-match@^1.0.0
258 silly fetch manifest concat-map@0.0.1
259 http fetch GET 200 https://registry.npmjs.org/balanced-match 168ms (cache miss)
260 http fetch GET 200 https://registry.npmjs.org/concat-map 169ms (cache miss)
261 timing idealTree:node_modules/minimatch Completed in 191ms
262 silly placeDep ROOT balanced-match@1.0.2 OK for: brace-expansion@1.1.11 want: ^1.0.0
263 silly placeDep ROOT concat-map@0.0.1 OK for: brace-expansion@1.1.11 want: 0.0.1
264 timing idealTree:node_modules/brace-expansion Completed in 14ms
265 timing idealTree:node_modules/balanced-match Completed in 0ms
266 timing idealTree:node_modules/concat-map Completed in 1ms
267 silly placeDep ROOT is-fullwidth-code-point@2.0.0 OK for: string-width@2.1.1 want: ^2.0.0
268 silly placeDep ROOT strip-ansi@4.0.0 OK for: string-width@2.1.1 want: ^4.0.0
269 silly fetch manifest ansi-regex@^3.0.0
270 timing idealTree:node_modules/string-width Completed in 20ms
271 timing idealTree:node_modules/is-fullwidth-code-point Completed in 1ms
272 silly placeDep node_modules/strip-ansi ansi-regex@3.0.1 OK for: strip-ansi@4.0.0 want: ^3.0.0
273 timing idealTree:node_modules/strip-ansi Completed in 8ms
274 timing idealTree:node_modules/timers-ext Completed in 1ms
275 timing idealTree:node_modules/ttys Completed in 0ms
276 timing idealTree:node_modules/type Completed in 1ms
277 timing idealTree:node_modules/ext/node_modules/type Completed in 0ms
278 timing idealTree:node_modules/strip-ansi/node_modules/ansi-regex Completed in 0ms
279 timing idealTree:buildDeps Completed in 9106ms
280 timing idealTree:fixDepFlags Completed in 7ms
281 timing idealTree Completed in 9424ms
282 timing reify:loadTrees Completed in 9429ms
283 timing reify:diffTrees Completed in 23ms
284 silly reify moves {}
285 timing reify:retireShallow Completed in 7ms
286 timing reify:createSparse Completed in 56ms
287 timing reify:loadBundles Completed in 0ms
288 silly audit bulk request {
288 silly audit   '@sindresorhus/is': [ '5.3.0' ],
288 silly audit   '@szmarczak/http-timer': [ '5.0.1' ],
288 silly audit   '@types/cacheable-request': [ '6.0.2' ],
288 silly audit   '@types/http-cache-semantics': [ '4.0.1' ],
288 silly audit   '@types/json-buffer': [ '3.0.0' ],
288 silly audit   '@types/keyv': [ '3.1.4' ],
288 silly audit   '@types/node': [ '18.7.9' ],
288 silly audit   '@types/responselike': [ '1.0.0' ],
288 silly audit   'cacheable-lookup': [ '6.1.0' ],
288 silly audit   'cacheable-request': [ '7.0.2' ],
288 silly audit   'get-stream': [ '5.2.0', '6.0.1' ],
288 silly audit   'lowercase-keys': [ '2.0.0', '3.0.0' ],
288 silly audit   'clone-response': [ '1.0.3' ],
288 silly audit   'compress-brotli': [ '1.3.8' ],
288 silly audit   'decompress-response': [ '6.0.0' ],
288 silly audit   'mimic-response': [ '3.1.0', '1.0.1' ],
288 silly audit   'defer-to-connect': [ '2.0.1' ],
288 silly audit   'end-of-stream': [ '1.4.4' ],
288 silly audit   'form-data-encoder': [ '2.1.0' ],
288 silly audit   'google-translate-tts': [ '0.4.0-dev' ],
288 silly audit   got: [ '12.3.1' ],
288 silly audit   'http-cache-semantics': [ '4.1.0' ],
288 silly audit   'http2-wrapper': [ '2.1.11' ],
288 silly audit   'json-buffer': [ '3.0.1' ],
288 silly audit   keyv: [ '4.4.1' ],
288 silly audit   'normalize-url': [ '6.1.0' ],
288 silly audit   once: [ '1.4.0' ],
288 silly audit   'p-cancelable': [ '3.0.0' ],
288 silly audit   pump: [ '3.0.0' ],
288 silly audit   'quick-lru': [ '5.1.1' ],
288 silly audit   'resolve-alpn': [ '1.2.1' ],
288 silly audit   responselike: [ '2.0.1' ],
288 silly audit   wrappy: [ '1.0.2' ],
288 silly audit   'yt-search': [ '2.10.3' ],
288 silly audit   'async.parallellimit': [ '0.5.2' ],
288 silly audit   boolstring: [ '1.0.2' ],
288 silly audit   cheerio: [ '1.0.0-rc.12' ],
288 silly audit   dasu: [ '0.4.3' ],
288 silly audit   'human-time': [ '0.0.2' ],
288 silly audit   'jsonpath-plus': [ '5.0.7' ],
288 silly audit   minimist: [ '1.2.6' ],
288 silly audit   'node-fzf': [ '0.5.3' ],
288 silly audit   'async.util.eachoflimit': [ '0.5.2' ],
288 silly audit   'async.util.parallel': [ '0.5.2' ],
288 silly audit   'async.util.keyiterator': [ '0.5.2' ],
288 silly audit   'async.util.noop': [ '0.5.2' ],
288 silly audit   'async.util.once': [ '0.5.2' ],
288 silly audit   'async.util.onlyonce': [ '0.5.2' ],
288 silly audit   'async.util.isarraylike': [ '0.5.2' ],
288 silly audit   'async.util.keys': [ '0.5.2' ],
288 silly audit   'async.util.isarray': [ '0.5.2' ],
288 silly audit   'async.util.restparam': [ '0.5.2' ],
288 silly audit   'cheerio-select': [ '2.1.0' ],
288 silly audit   'dom-serializer': [ '2.0.0' ],
288 silly audit   domhandler: [ '5.0.3' ],
288 silly audit   domutils: [ '3.0.1' ],
288 silly audit   htmlparser2: [ '8.0.1' ],
288 silly audit   parse5: [ '7.0.0' ],
288 silly audit   'parse5-htmlparser2-tree-adapter': [ '7.0.0' ],
288 silly audit   boolbase: [ '1.0.0' ],
288 silly audit   'css-select': [ '5.1.0' ],
288 silly audit   'css-what': [ '6.1.0' ],
288 silly audit   domelementtype: [ '2.3.0' ],
288 silly audit   'nth-check': [ '2.1.1' ],
288 silly audit   entities: [ '4.3.1' ],
288 silly audit   'cli-color': [ '1.2.0' ],
288 silly audit   keypress: [ '0.2.1' ],
288 silly audit   redstar: [ '0.0.2' ],
288 silly audit   'string-width': [ '2.1.1' ],
288 silly audit   ttys: [ '0.0.3' ],
288 silly audit   'ansi-regex': [ '2.1.1', '3.0.1' ],
288 silly audit   d: [ '1.0.1' ],
288 silly audit   'es5-ext': [ '0.10.62' ],
288 silly audit   'es6-iterator': [ '2.0.3' ],
288 silly audit   memoizee: [ '0.4.15' ],
288 silly audit   'timers-ext': [ '0.1.7' ],
288 silly audit   type: [ '1.2.0', '2.7.2' ],
288 silly audit   'es6-symbol': [ '3.1.3' ],
288 silly audit   'next-tick': [ '1.1.0' ],
288 silly audit   ext: [ '1.6.0' ],
288 silly audit   'es6-weak-map': [ '2.0.3' ],
288 silly audit   'event-emitter': [ '0.3.5' ],
288 silly audit   'is-promise': [ '2.2.2' ],
288 silly audit   'lru-queue': [ '0.1.0' ],
288 silly audit   minimatch: [ '3.0.8' ],
288 silly audit   'brace-expansion': [ '1.1.11' ],
288 silly audit   'balanced-match': [ '1.0.2' ],
288 silly audit   'concat-map': [ '0.0.1' ],
288 silly audit   'is-fullwidth-code-point': [ '2.0.0' ],
288 silly audit   'strip-ansi': [ '4.0.0' ]
288 silly audit }
289 silly tarball no local data for strip-ansi@https://registry.npmjs.org/strip-ansi/-/strip-ansi-4.0.0.tgz. Extracting by manifest.
290 silly tarball no local data for is-fullwidth-code-point@https://registry.npmjs.org/is-fullwidth-code-point/-/is-fullwidth-code-point-2.0.0.tgz. Extracting by manifest.
291 silly tarball no local data for concat-map@https://registry.npmjs.org/concat-map/-/concat-map-0.0.1.tgz. Extracting by manifest.
292 silly tarball no local data for balanced-match@https://registry.npmjs.org/balanced-match/-/balanced-match-1.0.2.tgz. Extracting by manifest.
293 silly tarball no local data for brace-expansion@https://registry.npmjs.org/brace-expansion/-/brace-expansion-1.1.11.tgz. Extracting by manifest.
294 silly tarball no local data for minimatch@https://registry.npmjs.org/minimatch/-/minimatch-3.0.8.tgz. Extracting by manifest.
295 silly tarball no local data for lru-queue@https://registry.npmjs.org/lru-queue/-/lru-queue-0.1.0.tgz. Extracting by manifest.
296 silly tarball no local data for is-promise@https://registry.npmjs.org/is-promise/-/is-promise-2.2.2.tgz. Extracting by manifest.
297 silly tarball no local data for event-emitter@https://registry.npmjs.org/event-emitter/-/event-emitter-0.3.5.tgz. Extracting by manifest.
298 silly tarball no local data for es6-weak-map@https://registry.npmjs.org/es6-weak-map/-/es6-weak-map-2.0.3.tgz. Extracting by manifest.
299 silly tarball no local data for ext@https://registry.npmjs.org/ext/-/ext-1.6.0.tgz. Extracting by manifest.
300 silly tarball no local data for next-tick@https://registry.npmjs.org/next-tick/-/next-tick-1.1.0.tgz. Extracting by manifest.
301 silly tarball no local data for es6-symbol@https://registry.npmjs.org/es6-symbol/-/es6-symbol-3.1.3.tgz. Extracting by manifest.
302 silly tarball no local data for type@https://registry.npmjs.org/type/-/type-1.2.0.tgz. Extracting by manifest.
303 silly tarball no local data for timers-ext@https://registry.npmjs.org/timers-ext/-/timers-ext-0.1.7.tgz. Extracting by manifest.
304 silly tarball no local data for memoizee@https://registry.npmjs.org/memoizee/-/memoizee-0.4.15.tgz. Extracting by manifest.
305 silly tarball no local data for es6-iterator@https://registry.npmjs.org/es6-iterator/-/es6-iterator-2.0.3.tgz. Extracting by manifest.
306 silly tarball no local data for es5-ext@https://registry.npmjs.org/es5-ext/-/es5-ext-0.10.62.tgz. Extracting by manifest.
307 silly tarball no local data for d@https://registry.npmjs.org/d/-/d-1.0.1.tgz. Extracting by manifest.
308 silly tarball no local data for ansi-regex@https://registry.npmjs.org/ansi-regex/-/ansi-regex-2.1.1.tgz. Extracting by manifest.
309 silly tarball no local data for ttys@https://registry.npmjs.org/ttys/-/ttys-0.0.3.tgz. Extracting by manifest.
310 silly tarball no local data for string-width@https://registry.npmjs.org/string-width/-/string-width-2.1.1.tgz. Extracting by manifest.
311 silly tarball no local data for redstar@https://registry.npmjs.org/redstar/-/redstar-0.0.2.tgz. Extracting by manifest.
312 silly tarball no local data for keypress@https://registry.npmjs.org/keypress/-/keypress-0.2.1.tgz. Extracting by manifest.
313 silly tarball no local data for entities@https://registry.npmjs.org/entities/-/entities-4.3.1.tgz. Extracting by manifest.
314 silly tarball no local data for nth-check@https://registry.npmjs.org/nth-check/-/nth-check-2.1.1.tgz. Extracting by manifest.
315 silly tarball no local data for cli-color@https://registry.npmjs.org/cli-color/-/cli-color-1.2.0.tgz. Extracting by manifest.
316 silly tarball no local data for domelementtype@https://registry.npmjs.org/domelementtype/-/domelementtype-2.3.0.tgz. Extracting by manifest.
317 silly tarball no local data for css-select@https://registry.npmjs.org/css-select/-/css-select-5.1.0.tgz. Extracting by manifest.
318 silly tarball no local data for css-what@https://registry.npmjs.org/css-what/-/css-what-6.1.0.tgz. Extracting by manifest.
319 silly tarball no local data for boolbase@https://registry.npmjs.org/boolbase/-/boolbase-1.0.0.tgz. Extracting by manifest.
320 silly tarball no local data for parse5@https://registry.npmjs.org/parse5/-/parse5-7.0.0.tgz. Extracting by manifest.
321 silly tarball no local data for htmlparser2@https://registry.npmjs.org/htmlparser2/-/htmlparser2-8.0.1.tgz. Extracting by manifest.
322 silly tarball no local data for domutils@https://registry.npmjs.org/domutils/-/domutils-3.0.1.tgz. Extracting by manifest.
323 silly tarball no local data for domhandler@https://registry.npmjs.org/domhandler/-/domhandler-5.0.3.tgz. Extracting by manifest.
324 silly tarball no local data for dom-serializer@https://registry.npmjs.org/dom-serializer/-/dom-serializer-2.0.0.tgz. Extracting by manifest.
325 silly tarball no local data for cheerio-select@https://registry.npmjs.org/cheerio-select/-/cheerio-select-2.1.0.tgz. Extracting by manifest.
326 silly tarball no local data for async.util.restparam@https://registry.npmjs.org/async.util.restparam/-/async.util.restparam-0.5.2.tgz. Extracting by manifest.
327 silly tarball no local data for async.util.isarray@https://registry.npmjs.org/async.util.isarray/-/async.util.isarray-0.5.2.tgz. Extracting by manifest.
328 silly tarball no local data for async.util.keys@https://registry.npmjs.org/async.util.keys/-/async.util.keys-0.5.2.tgz. Extracting by manifest.
329 silly tarball no local data for async.util.isarraylike@https://registry.npmjs.org/async.util.isarraylike/-/async.util.isarraylike-0.5.2.tgz. Extracting by manifest.
330 silly tarball no local data for async.util.once@https://registry.npmjs.org/async.util.once/-/async.util.once-0.5.2.tgz. Extracting by manifest.
331 silly tarball no local data for async.util.onlyonce@https://registry.npmjs.org/async.util.onlyonce/-/async.util.onlyonce-0.5.2.tgz. Extracting by manifest.
332 silly tarball no local data for async.util.noop@https://registry.npmjs.org/async.util.noop/-/async.util.noop-0.5.2.tgz. Extracting by manifest.
333 silly tarball no local data for async.util.keyiterator@https://registry.npmjs.org/async.util.keyiterator/-/async.util.keyiterator-0.5.2.tgz. Extracting by manifest.
334 silly tarball no local data for async.util.parallel@https://registry.npmjs.org/async.util.parallel/-/async.util.parallel-0.5.2.tgz. Extracting by manifest.
335 silly tarball no local data for async.util.eachoflimit@https://registry.npmjs.org/async.util.eachoflimit/-/async.util.eachoflimit-0.5.2.tgz. Extracting by manifest.
336 silly tarball no local data for node-fzf@https://registry.npmjs.org/node-fzf/-/node-fzf-0.5.3.tgz. Extracting by manifest.
337 silly tarball no local data for minimist@https://registry.npmjs.org/minimist/-/minimist-1.2.6.tgz. Extracting by manifest.
338 silly tarball no local data for jsonpath-plus@https://registry.npmjs.org/jsonpath-plus/-/jsonpath-plus-5.0.7.tgz. Extracting by manifest.
339 silly tarball no local data for human-time@https://registry.npmjs.org/human-time/-/human-time-0.0.2.tgz. Extracting by manifest.
340 silly tarball no local data for dasu@https://registry.npmjs.org/dasu/-/dasu-0.4.3.tgz. Extracting by manifest.
341 silly tarball no local data for cheerio@https://registry.npmjs.org/cheerio/-/cheerio-1.0.0-rc.12.tgz. Extracting by manifest.
342 silly tarball no local data for boolstring@https://registry.npmjs.org/boolstring/-/boolstring-1.0.2.tgz. Extracting by manifest.
343 silly tarball no local data for async.parallellimit@https://registry.npmjs.org/async.parallellimit/-/async.parallellimit-0.5.2.tgz. Extracting by manifest.
344 silly tarball no local data for yt-search@https://registry.npmjs.org/yt-search/-/yt-search-2.10.3.tgz. Extracting by manifest.
345 silly tarball no local data for parse5-htmlparser2-tree-adapter@https://registry.npmjs.org/parse5-htmlparser2-tree-adapter/-/parse5-htmlparser2-tree-adapter-7.0.0.tgz. Extracting by manifest.
346 silly tarball no local data for ansi-regex@https://registry.npmjs.org/ansi-regex/-/ansi-regex-3.0.1.tgz. Extracting by manifest.
347 silly tarball no local data for type@https://registry.npmjs.org/type/-/type-2.7.2.tgz. Extracting by manifest.
348 http fetch POST 200 https://registry.npmjs.org/-/npm/v1/security/advisories/bulk 1660ms
349 timing auditReport:getReport Completed in 1685ms
350 silly audit report {}
351 timing auditReport:init Completed in 0ms
352 timing reify:audit Completed in 1690ms
353 http fetch GET 200 https://registry.npmjs.org/ttys/-/ttys-0.0.3.tgz 3047ms (cache miss)
354 timing reifyNode:node_modules/ttys Completed in 3803ms
355 http fetch GET 200 https://registry.npmjs.org/strip-ansi/-/strip-ansi-4.0.0.tgz 3420ms (cache miss)
356 timing reifyNode:node_modules/strip-ansi Completed in 3828ms
357 http fetch GET 200 https://registry.npmjs.org/balanced-match/-/balanced-match-1.0.2.tgz 3388ms (cache miss)
358 timing reifyNode:node_modules/balanced-match Completed in 3828ms
359 http fetch GET 200 https://registry.npmjs.org/concat-map/-/concat-map-0.0.1.tgz 3402ms (cache miss)
360 timing reifyNode:node_modules/concat-map Completed in 3832ms
361 http fetch GET 200 https://registry.npmjs.org/lru-queue/-/lru-queue-0.1.0.tgz 3339ms (cache miss)
362 timing reifyNode:node_modules/lru-queue Completed in 3832ms
363 http fetch GET 200 https://registry.npmjs.org/is-fullwidth-code-point/-/is-fullwidth-code-point-2.0.0.tgz 3419ms (cache miss)
364 timing reifyNode:node_modules/is-fullwidth-code-point Completed in 3839ms
365 http fetch GET 200 https://registry.npmjs.org/is-promise/-/is-promise-2.2.2.tgz 3334ms (cache miss)
366 timing reifyNode:node_modules/is-promise Completed in 3842ms
367 http fetch GET 200 https://registry.npmjs.org/next-tick/-/next-tick-1.1.0.tgz 3227ms (cache miss)
368 timing reifyNode:node_modules/next-tick Completed in 3847ms
369 http fetch GET 200 https://registry.npmjs.org/string-width/-/string-width-2.1.1.tgz 3137ms (cache miss)
370 timing reifyNode:node_modules/string-width Completed in 3901ms
371 http fetch GET 200 https://registry.npmjs.org/brace-expansion/-/brace-expansion-1.1.11.tgz 3471ms (cache miss)
372 timing reifyNode:node_modules/brace-expansion Completed in 3932ms
373 http fetch GET 200 https://registry.npmjs.org/redstar/-/redstar-0.0.2.tgz 3516ms (cache miss)
374 timing reifyNode:node_modules/redstar Completed in 4290ms
375 http fetch GET 200 https://registry.npmjs.org/d/-/d-1.0.1.tgz 3563ms (cache miss)
376 timing reifyNode:node_modules/d Completed in 4297ms
377 http fetch GET 200 https://registry.npmjs.org/es6-weak-map/-/es6-weak-map-2.0.3.tgz 3742ms (cache miss)
378 timing reifyNode:node_modules/es6-weak-map Completed in 4318ms
379 http fetch GET 200 https://registry.npmjs.org/minimatch/-/minimatch-3.0.8.tgz 4016ms (cache miss)
380 timing reifyNode:node_modules/minimatch Completed in 4491ms
381 http fetch GET 200 https://registry.npmjs.org/ansi-regex/-/ansi-regex-2.1.1.tgz 3849ms (cache miss)
382 timing reifyNode:node_modules/ansi-regex Completed in 4592ms
383 http fetch GET 200 https://registry.npmjs.org/keypress/-/keypress-0.2.1.tgz 3886ms (cache miss)
384 timing reifyNode:node_modules/keypress Completed in 4670ms
385 http fetch GET 200 https://registry.npmjs.org/timers-ext/-/timers-ext-0.1.7.tgz 4187ms (cache miss)
386 http fetch GET 200 https://registry.npmjs.org/domelementtype/-/domelementtype-2.3.0.tgz 4095ms (cache miss)
387 timing reifyNode:node_modules/domelementtype Completed in 4922ms
388 timing reifyNode:node_modules/timers-ext Completed in 5115ms
389 http fetch GET 200 https://registry.npmjs.org/es6-iterator/-/es6-iterator-2.0.3.tgz 4434ms (cache miss)
390 timing reifyNode:node_modules/es6-iterator Completed in 5556ms
391 http fetch GET 200 https://registry.npmjs.org/nth-check/-/nth-check-2.1.1.tgz 4780ms (cache miss)
392 http fetch GET 200 https://registry.npmjs.org/boolbase/-/boolbase-1.0.0.tgz 4705ms (cache miss)
393 timing reifyNode:node_modules/boolbase Completed in 5585ms
394 timing reifyNode:node_modules/nth-check Completed in 5781ms
395 http fetch GET 200 https://registry.npmjs.org/event-emitter/-/event-emitter-0.3.5.tgz 5267ms (cache miss)
396 timing reifyNode:node_modules/event-emitter Completed in 5815ms
397 http fetch GET 200 https://registry.npmjs.org/async.util.parallel/-/async.util.parallel-0.5.2.tgz 4872ms (cache miss)
398 timing reifyNode:node_modules/async.util.parallel Completed in 5927ms
399 http fetch GET 200 https://registry.npmjs.org/dom-serializer/-/dom-serializer-2.0.0.tgz 5024ms (cache miss)
400 http fetch GET 200 https://registry.npmjs.org/async.util.restparam/-/async.util.restparam-0.5.2.tgz 5007ms (cache miss)
401 timing reifyNode:node_modules/async.util.restparam Completed in 5960ms
402 timing reifyNode:node_modules/dom-serializer Completed in 5996ms
403 http fetch GET 200 https://registry.npmjs.org/async.util.isarray/-/async.util.isarray-0.5.2.tgz 5038ms (cache miss)
404 timing reifyNode:node_modules/async.util.isarray Completed in 6002ms
405 http fetch GET 200 https://registry.npmjs.org/ansi-regex/-/ansi-regex-3.0.1.tgz 4814ms (cache miss)
406 timing reifyNode:node_modules/strip-ansi/node_modules/ansi-regex Completed in 6034ms
407 http fetch GET 200 https://registry.npmjs.org/async.util.eachoflimit/-/async.util.eachoflimit-0.5.2.tgz 4966ms (cache miss)
408 timing reifyNode:node_modules/async.util.eachoflimit Completed in 6030ms
409 http fetch GET 200 https://registry.npmjs.org/async.util.onlyonce/-/async.util.onlyonce-0.5.2.tgz 5044ms (cache miss)
410 timing reifyNode:node_modules/async.util.onlyonce Completed in 6046ms
411 http fetch GET 200 https://registry.npmjs.org/domhandler/-/domhandler-5.0.3.tgz 5145ms (cache miss)
412 http fetch GET 200 https://registry.npmjs.org/es6-symbol/-/es6-symbol-3.1.3.tgz 5448ms (cache miss)
413 timing reifyNode:node_modules/es6-symbol Completed in 6082ms
414 http fetch GET 200 https://registry.npmjs.org/async.util.noop/-/async.util.noop-0.5.2.tgz 5048ms (cache miss)
415 timing reifyNode:node_modules/async.util.noop Completed in 6077ms
416 http fetch GET 200 https://registry.npmjs.org/async.util.keyiterator/-/async.util.keyiterator-0.5.2.tgz 5036ms (cache miss)
417 timing reifyNode:node_modules/async.util.keyiterator Completed in 6080ms
418 http fetch GET 200 https://registry.npmjs.org/boolstring/-/boolstring-1.0.2.tgz 4941ms (cache miss)
419 timing reifyNode:node_modules/boolstring Completed in 6083ms
420 http fetch GET 200 https://registry.npmjs.org/node-fzf/-/node-fzf-0.5.3.tgz 5029ms (cache miss)
421 timing reifyNode:node_modules/node-fzf Completed in 6102ms
422 http fetch GET 200 https://registry.npmjs.org/async.util.keys/-/async.util.keys-0.5.2.tgz 5144ms (cache miss)
423 timing reifyNode:node_modules/async.util.keys Completed in 6116ms
424 http fetch GET 200 https://registry.npmjs.org/human-time/-/human-time-0.0.2.tgz 5008ms (cache miss)
425 timing reifyNode:node_modules/human-time Completed in 6113ms
426 http fetch GET 200 https://registry.npmjs.org/async.parallellimit/-/async.parallellimit-0.5.2.tgz 4963ms (cache miss)
427 timing reifyNode:node_modules/async.parallellimit Completed in 6117ms
428 timing reifyNode:node_modules/domhandler Completed in 6140ms
429 http fetch GET 200 https://registry.npmjs.org/async.util.isarraylike/-/async.util.isarraylike-0.5.2.tgz 5164ms (cache miss)
430 timing reifyNode:node_modules/async.util.isarraylike Completed in 6145ms
431 http fetch GET 200 https://registry.npmjs.org/async.util.once/-/async.util.once-0.5.2.tgz 5158ms (cache miss)
432 timing reifyNode:node_modules/async.util.once Completed in 6147ms
433 http fetch GET 200 https://registry.npmjs.org/parse5-htmlparser2-tree-adapter/-/parse5-htmlparser2-tree-adapter-7.0.0.tgz 4969ms (cache miss)
434 timing reifyNode:node_modules/parse5-htmlparser2-tree-adapter Completed in 6158ms
435 http fetch GET 200 https://registry.npmjs.org/yt-search/-/yt-search-2.10.3.tgz 5007ms (cache miss)
436 timing reifyNode:node_modules/yt-search Completed in 6172ms
437 http fetch GET 200 https://registry.npmjs.org/memoizee/-/memoizee-0.4.15.tgz 5521ms (cache miss)
438 timing reifyNode:node_modules/memoizee Completed in 6208ms
439 http fetch GET 200 https://registry.npmjs.org/dasu/-/dasu-0.4.3.tgz 5080ms (cache miss)
440 timing reifyNode:node_modules/dasu Completed in 6201ms
441 http fetch GET 200 https://registry.npmjs.org/css-what/-/css-what-6.1.0.tgz 5390ms (cache miss)
442 http fetch GET 200 https://registry.npmjs.org/minimist/-/minimist-1.2.6.tgz 5227ms (cache miss)
443 timing reifyNode:node_modules/css-what Completed in 6328ms
444 http fetch GET 200 https://registry.npmjs.org/cheerio-select/-/cheerio-select-2.1.0.tgz 5464ms (cache miss)
445 timing reifyNode:node_modules/minimist Completed in 6400ms
446 timing reifyNode:node_modules/cheerio-select Completed in 6459ms
447 http fetch GET 200 https://registry.npmjs.org/cli-color/-/cli-color-1.2.0.tgz 5842ms (cache miss)
448 timing reifyNode:node_modules/cli-color Completed in 6708ms
449 http fetch GET 200 https://registry.npmjs.org/htmlparser2/-/htmlparser2-8.0.1.tgz 5942ms (cache miss)
450 timing reifyNode:node_modules/htmlparser2 Completed in 6866ms
451 http fetch GET 200 https://registry.npmjs.org/jsonpath-plus/-/jsonpath-plus-5.0.7.tgz 5944ms (cache miss)
452 timing reifyNode:node_modules/jsonpath-plus Completed in 7038ms
453 http fetch GET 200 https://registry.npmjs.org/domutils/-/domutils-3.0.1.tgz 6364ms (cache miss)
454 timing reifyNode:node_modules/domutils Completed in 7309ms
455 http fetch GET 200 https://registry.npmjs.org/ext/-/ext-1.6.0.tgz 6747ms (cache miss)
456 timing reifyNode:node_modules/ext Completed in 7398ms
457 http fetch GET 200 https://registry.npmjs.org/css-select/-/css-select-5.1.0.tgz 6761ms (cache miss)
458 timing reifyNode:node_modules/css-select Completed in 7620ms
459 http fetch GET 200 https://registry.npmjs.org/entities/-/entities-4.3.1.tgz 6925ms (cache miss)
460 timing reifyNode:node_modules/entities Completed in 7719ms
461 http fetch GET 200 https://registry.npmjs.org/parse5/-/parse5-7.0.0.tgz 7149ms (cache miss)
462 timing reifyNode:node_modules/parse5 Completed in 8072ms
463 http fetch GET 200 https://registry.npmjs.org/cheerio/-/cheerio-1.0.0-rc.12.tgz 7182ms (cache miss)
464 timing reifyNode:node_modules/cheerio Completed in 8331ms
465 http fetch GET 200 https://registry.npmjs.org/type/-/type-1.2.0.tgz 7778ms (cache miss)
466 timing reifyNode:node_modules/type Completed in 8429ms
467 http fetch GET 200 https://registry.npmjs.org/type/-/type-2.7.2.tgz 7234ms (cache miss)
468 timing reifyNode:node_modules/ext/node_modules/type Completed in 8468ms
469 http fetch GET 200 https://registry.npmjs.org/es5-ext/-/es5-ext-0.10.62.tgz 8502ms (cache miss)
470 timing reifyNode:node_modules/es5-ext Completed in 9219ms
471 timing reify:unpack Completed in 9233ms
472 timing reify:unretire Completed in 2ms
473 timing build:queue Completed in 17ms
474 timing build:link:node_modules/node-fzf Completed in 26ms
475 timing build:link:node_modules/yt-search Completed in 22ms
476 timing build:link Completed in 27ms
477 info run es5-ext@0.10.62 postinstall node_modules/es5-ext  node -e "try{require('./_postinstall')}catch(e){}" || exit 0
478 info run es5-ext@0.10.62 postinstall { code: 0, signal: null }
479 timing build:run:postinstall:node_modules/es5-ext Completed in 1874ms
480 timing build:run:postinstall Completed in 1878ms
481 timing build:deps Completed in 1925ms
482 timing build Completed in 1927ms
483 timing reify:build Completed in 1930ms
484 timing reify:trash Completed in 1ms
485 timing reify:save Completed in 453ms
486 timing reify Completed in 21425ms
487 silly ADD node_modules/strip-ansi
488 silly ADD node_modules/strip-ansi/node_modules/ansi-regex
489 silly ADD node_modules/is-fullwidth-code-point
490 silly ADD node_modules/concat-map
491 silly ADD node_modules/balanced-match
492 silly ADD node_modules/brace-expansion
493 silly ADD node_modules/minimatch
494 silly ADD node_modules/lru-queue
495 silly ADD node_modules/is-promise
496 silly ADD node_modules/event-emitter
497 silly ADD node_modules/es6-weak-map
498 silly ADD node_modules/ext
499 silly ADD node_modules/ext/node_modules/type
500 silly ADD node_modules/next-tick
501 silly ADD node_modules/es6-symbol
502 silly ADD node_modules/type
503 silly ADD node_modules/timers-ext
504 silly ADD node_modules/memoizee
505 silly ADD node_modules/es6-iterator
506 silly ADD node_modules/es5-ext
507 silly ADD node_modules/d
508 silly ADD node_modules/ansi-regex
509 silly ADD node_modules/ttys
510 silly ADD node_modules/string-width
511 silly ADD node_modules/redstar
512 silly ADD node_modules/keypress
513 silly ADD node_modules/cli-color
514 silly ADD node_modules/entities
515 silly ADD node_modules/nth-check
516 silly ADD node_modules/domelementtype
517 silly ADD node_modules/css-what
518 silly ADD node_modules/css-select
519 silly ADD node_modules/boolbase
520 silly ADD node_modules/parse5-htmlparser2-tree-adapter
521 silly ADD node_modules/parse5
522 silly ADD node_modules/htmlparser2
523 silly ADD node_modules/domutils
524 silly ADD node_modules/domhandler
525 silly ADD node_modules/dom-serializer
526 silly ADD node_modules/cheerio-select
527 silly ADD node_modules/async.util.restparam
528 silly ADD node_modules/async.util.isarray
529 silly ADD node_modules/async.util.keys
530 silly ADD node_modules/async.util.isarraylike
531 silly ADD node_modules/async.util.onlyonce
532 silly ADD node_modules/async.util.once
533 silly ADD node_modules/async.util.noop
534 silly ADD node_modules/async.util.keyiterator
535 silly ADD node_modules/async.util.parallel
536 silly ADD node_modules/async.util.eachoflimit
537 silly ADD node_modules/node-fzf
538 silly ADD node_modules/minimist
539 silly ADD node_modules/jsonpath-plus
540 silly ADD node_modules/human-time
541 silly ADD node_modules/dasu
542 silly ADD node_modules/cheerio
543 silly ADD node_modules/boolstring
544 silly ADD node_modules/async.parallellimit
545 silly ADD node_modules/yt-search
546 timing command:install Completed in 21484ms
547 verbose exit 0
548 timing npm Completed in 22107ms
549 info ok
