0 verbose cli /data/data/com.termux/files/usr/bin/node /data/data/com.termux/files/usr/bin/npm
1 info using npm@8.15.0
2 info using node@v18.7.0
3 timing npm:load:whichnode Completed in 2ms
4 timing config:load:defaults Completed in 9ms
5 timing config:load:file:/data/data/com.termux/files/usr/lib/node_modules/npm/npmrc Completed in 5ms
6 timing config:load:builtin Completed in 6ms
7 timing config:load:cli Completed in 8ms
8 timing config:load:env Completed in 2ms
9 timing config:load:project Completed in 20ms
10 timing config:load:file:/data/data/com.termux/files/home/.npmrc Completed in 9ms
11 timing config:load:user Completed in 10ms
12 timing config:load:file:/data/data/com.termux/files/usr/etc/npmrc Completed in 0ms
13 timing config:load:global Completed in 2ms
14 timing config:load:validate Completed in 3ms
15 timing config:load:credentials Completed in 5ms
16 timing config:load:setEnvs Completed in 5ms
17 timing config:load Completed in 74ms
18 timing npm:load:configload Completed in 75ms
19 timing npm:load:mkdirpcache Completed in 17ms
20 timing npm:load:mkdirplogs Completed in 3ms
21 verbose title npm install google-translate-tts
22 verbose argv "install" "google-translate-tts"
23 timing npm:load:setTitle Completed in 6ms
24 timing config:load:flatten Completed in 16ms
25 timing npm:load:display Completed in 25ms
26 verbose logfile logs-max:10 dir:/data/data/com.termux/files/home/.npm/_logs
27 verbose logfile /data/data/com.termux/files/home/.npm/_logs/2022-08-22T05_21_31_885Z-debug-0.log
28 timing npm:load:logFile Completed in 30ms
29 timing npm:load:timers Completed in 1ms
30 timing npm:load:configScope Completed in 1ms
31 timing npm:load Completed in 165ms
32 timing arborist:ctor Completed in 5ms
33 silly logfile done cleaning log files
34 timing arborist:ctor Completed in 1ms
35 timing idealTree:init Completed in 56ms
36 timing idealTree:userRequests Completed in 10ms
37 silly idealTree buildDeps
38 silly fetch manifest google-translate-tts@*
39 http fetch GET 200 https://registry.npmjs.org/npm 2419ms (cache miss)
40 http fetch GET 200 https://registry.npmjs.org/google-translate-tts 2129ms (cache miss)
41 silly placeDep ROOT google-translate-tts@0.4.0-dev OK for:  want: *
42 timing idealTree:#root Completed in 2182ms
43 timing idealTree:node_modules/google-translate-tts Completed in 0ms
44 timing idealTree:buildDeps Completed in 2189ms
45 timing idealTree:fixDepFlags Completed in 3ms
46 timing idealTree Completed in 2266ms
47 timing reify:loadTrees Completed in 2271ms
48 timing reify:diffTrees Completed in 5ms
49 silly reify moves {}
50 timing reify:retireShallow Completed in 7ms
51 timing reify:createSparse Completed in 8ms
52 timing reify:loadBundles Completed in 0ms
53 silly audit bulk request { 'google-translate-tts': [ '0.4.0-dev' ] }
54 silly tarball no local data for google-translate-tts@https://registry.npmjs.org/google-translate-tts/-/google-translate-tts-0.4.0-dev.tgz. Extracting by manifest.
55 http fetch GET 200 https://registry.npmjs.org/google-translate-tts/-/google-translate-tts-0.4.0-dev.tgz 287ms (cache miss)
56 timing reifyNode:node_modules/google-translate-tts Completed in 337ms
57 timing reify:unpack Completed in 338ms
58 timing reify:unretire Completed in 1ms
59 timing build:queue Completed in 3ms
60 timing build:deps Completed in 4ms
61 timing build Completed in 7ms
62 timing reify:build Completed in 8ms
63 timing reify:trash Completed in 0ms
64 http fetch POST 200 https://registry.npmjs.org/-/npm/v1/security/advisories/bulk 409ms
65 timing auditReport:getReport Completed in 418ms
66 silly audit report {}
67 timing auditReport:init Completed in 0ms
68 timing reify:audit Completed in 423ms
69 timing reify:save Completed in 50ms
70 timing reify Completed in 3160ms
71 silly ADD node_modules/google-translate-tts
72 timing command:install Completed in 3190ms
73 notice
73 notice New [33mminor[39m version of npm available! [31m8.15.0[39m -> [32m8.18.0[39m
73 notice Changelog: [36mhttps://github.com/npm/cli/releases/tag/v8.18.0[39m
73 notice Run [32mnpm install -g npm@8.18.0[39m to update!
73 notice
74 verbose exit 0
75 timing npm Completed in 3975ms
76 info ok
