0 verbose cli /data/data/com.termux/files/usr/bin/node /data/data/com.termux/files/usr/bin/npm
1 info using npm@8.15.0
2 info using node@v18.7.0
3 timing npm:load:whichnode Completed in 1ms
4 timing config:load:defaults Completed in 10ms
5 timing config:load:file:/data/data/com.termux/files/usr/lib/node_modules/npm/npmrc Completed in 6ms
6 timing config:load:builtin Completed in 6ms
7 timing config:load:cli Completed in 8ms
8 timing config:load:env Completed in 3ms
9 timing config:load:project Completed in 32ms
10 timing config:load:file:/data/data/com.termux/files/home/.npmrc Completed in 9ms
11 timing config:load:user Completed in 11ms
12 timing config:load:file:/data/data/com.termux/files/usr/etc/npmrc Completed in 2ms
13 timing config:load:global Completed in 3ms
14 timing config:load:validate Completed in 3ms
15 timing config:load:credentials Completed in 8ms
16 timing config:load:setEnvs Completed in 5ms
17 timing config:load Completed in 94ms
18 timing npm:load:configload Completed in 94ms
19 timing npm:load:mkdirpcache Completed in 21ms
20 timing npm:load:mkdirplogs Completed in 3ms
21 verbose title npm install got
22 verbose argv "install" "got"
23 timing npm:load:setTitle Completed in 6ms
24 timing config:load:flatten Completed in 16ms
25 timing npm:load:display Completed in 26ms
26 verbose logfile logs-max:10 dir:/data/data/com.termux/files/home/.npm/_logs
27 verbose logfile /data/data/com.termux/files/home/.npm/_logs/2022-08-22T05_54_31_003Z-debug-0.log
28 timing npm:load:logFile Completed in 35ms
29 timing npm:load:timers Completed in 0ms
30 timing npm:load:configScope Completed in 0ms
31 timing npm:load Completed in 195ms
32 timing arborist:ctor Completed in 5ms
33 silly logfile done cleaning log files
34 timing idealTree:init Completed in 91ms
35 timing idealTree:userRequests Completed in 15ms
36 silly idealTree buildDeps
37 silly fetch manifest got@*
38 timing arborist:ctor Completed in 1ms
39 http fetch GET 200 https://registry.npmjs.org/got 1887ms (cache miss)
40 silly placeDep ROOT got@12.3.1 OK for:  want: *
41 silly fetch manifest @sindresorhus/is@^5.2.0
42 silly fetch manifest @szmarczak/http-timer@^5.0.1
43 silly fetch manifest @types/cacheable-request@^6.0.2
44 silly fetch manifest @types/responselike@^1.0.0
45 silly fetch manifest cacheable-lookup@^6.0.4
46 silly fetch manifest cacheable-request@^7.0.2
47 silly fetch manifest decompress-response@^6.0.0
48 silly fetch manifest form-data-encoder@^2.0.1
49 silly fetch manifest get-stream@^6.0.1
50 silly fetch manifest http2-wrapper@^2.1.10
51 silly fetch manifest lowercase-keys@^3.0.0
52 silly fetch manifest p-cancelable@^3.0.0
53 silly fetch manifest responselike@^2.0.0
54 http fetch GET 200 https://registry.npmjs.org/@sindresorhus%2fis 670ms (cache miss)
55 http fetch GET 200 https://registry.npmjs.org/@types%2fresponselike 1053ms (cache miss)
56 http fetch GET 200 https://registry.npmjs.org/@types%2fcacheable-request 1068ms (cache miss)
57 http fetch GET 200 https://registry.npmjs.org/lowercase-keys 1043ms (cache miss)
58 http fetch GET 200 https://registry.npmjs.org/responselike 1053ms (cache miss)
59 http fetch GET 200 https://registry.npmjs.org/get-stream 1095ms (cache miss)
60 http fetch GET 200 https://registry.npmjs.org/decompress-response 1107ms (cache miss)
61 http fetch GET 200 https://registry.npmjs.org/p-cancelable 1102ms (cache miss)
62 http fetch GET 200 https://registry.npmjs.org/@szmarczak%2fhttp-timer 1164ms (cache miss)
63 http fetch GET 200 https://registry.npmjs.org/form-data-encoder 1161ms (cache miss)
64 http fetch GET 200 https://registry.npmjs.org/cacheable-lookup 1180ms (cache miss)
65 http fetch GET 200 https://registry.npmjs.org/cacheable-request 1184ms (cache miss)
66 http fetch GET 200 https://registry.npmjs.org/http2-wrapper 1178ms (cache miss)
67 timing idealTree:#root Completed in 3211ms
68 silly placeDep ROOT @sindresorhus/is@5.3.0 OK for: got@12.3.1 want: ^5.2.0
69 silly placeDep ROOT @szmarczak/http-timer@5.0.1 OK for: got@12.3.1 want: ^5.0.1
70 silly placeDep ROOT @types/cacheable-request@6.0.2 OK for: got@12.3.1 want: ^6.0.2
71 silly placeDep ROOT @types/responselike@1.0.0 OK for: got@12.3.1 want: ^1.0.0
72 silly placeDep ROOT cacheable-lookup@6.1.0 OK for: got@12.3.1 want: ^6.0.4
73 silly placeDep ROOT cacheable-request@7.0.2 OK for: got@12.3.1 want: ^7.0.2
74 silly placeDep ROOT decompress-response@6.0.0 OK for: got@12.3.1 want: ^6.0.0
75 silly placeDep ROOT form-data-encoder@2.1.0 OK for: got@12.3.1 want: ^2.0.1
76 silly placeDep ROOT get-stream@6.0.1 OK for: got@12.3.1 want: ^6.0.1
77 silly placeDep ROOT http2-wrapper@2.1.11 OK for: got@12.3.1 want: ^2.1.10
78 silly placeDep ROOT lowercase-keys@3.0.0 OK for: got@12.3.1 want: ^3.0.0
79 silly placeDep ROOT p-cancelable@3.0.0 OK for: got@12.3.1 want: ^3.0.0
80 silly placeDep ROOT responselike@2.0.1 OK for: got@12.3.1 want: ^2.0.0
81 silly fetch manifest defer-to-connect@^2.0.1
82 silly fetch manifest @types/http-cache-semantics@*
83 silly fetch manifest @types/keyv@*
84 silly fetch manifest @types/node@*
85 silly fetch manifest clone-response@^1.0.2
86 silly fetch manifest get-stream@^5.1.0
87 silly fetch manifest http-cache-semantics@^4.0.0
88 silly fetch manifest keyv@^4.0.0
89 silly fetch manifest lowercase-keys@^2.0.0
90 silly fetch manifest normalize-url@^6.0.1
91 silly fetch manifest mimic-response@^3.1.0
92 silly fetch manifest quick-lru@^5.1.1
93 silly fetch manifest resolve-alpn@^1.2.0
94 http fetch GET 200 https://registry.npmjs.org/defer-to-connect 291ms (cache miss)
95 http fetch GET 200 https://registry.npmjs.org/keyv 354ms (cache miss)
96 http fetch GET 200 https://registry.npmjs.org/normalize-url 357ms (cache miss)
97 http fetch GET 200 https://registry.npmjs.org/clone-response 482ms (cache miss)
98 http fetch GET 200 https://registry.npmjs.org/mimic-response 795ms (cache miss)
99 http fetch GET 200 https://registry.npmjs.org/@types%2fhttp-cache-semantics 833ms (cache miss)
100 http fetch GET 200 https://registry.npmjs.org/http-cache-semantics 922ms (cache miss)
101 http fetch GET 200 https://registry.npmjs.org/quick-lru 1200ms (cache miss)
102 http fetch GET 200 https://registry.npmjs.org/@types%2fkeyv 1261ms (cache miss)
103 http fetch GET 200 https://registry.npmjs.org/resolve-alpn 1218ms (cache miss)
104 http fetch GET 200 https://registry.npmjs.org/@types%2fnode 1781ms (cache miss)
105 timing idealTree:node_modules/got Completed in 2020ms
106 timing idealTree:node_modules/@sindresorhus/is Completed in 0ms
107 silly placeDep ROOT defer-to-connect@2.0.1 OK for: @szmarczak/http-timer@5.0.1 want: ^2.0.1
108 timing idealTree:node_modules/@szmarczak/http-timer Completed in 11ms
109 silly placeDep ROOT @types/http-cache-semantics@4.0.1 OK for: @types/cacheable-request@6.0.2 want: *
110 silly placeDep ROOT @types/keyv@3.1.4 OK for: @types/cacheable-request@6.0.2 want: *
111 silly placeDep ROOT @types/node@18.7.9 OK for: @types/cacheable-request@6.0.2 want: *
112 timing idealTree:node_modules/@types/cacheable-request Completed in 29ms
113 timing idealTree:node_modules/@types/http-cache-semantics Completed in 0ms
114 timing idealTree:node_modules/@types/keyv Completed in 0ms
115 timing idealTree:node_modules/@types/node Completed in 2ms
116 timing idealTree:node_modules/@types/responselike Completed in 0ms
117 timing idealTree:node_modules/cacheable-lookup Completed in 0ms
118 silly placeDep ROOT clone-response@1.0.3 OK for: cacheable-request@7.0.2 want: ^1.0.2
119 silly placeDep node_modules/cacheable-request get-stream@5.2.0 OK for: cacheable-request@7.0.2 want: ^5.1.0
120 silly placeDep ROOT http-cache-semantics@4.1.0 OK for: cacheable-request@7.0.2 want: ^4.0.0
121 silly placeDep ROOT keyv@4.4.1 OK for: cacheable-request@7.0.2 want: ^4.0.0
122 silly placeDep node_modules/cacheable-request lowercase-keys@2.0.0 OK for: cacheable-request@7.0.2 want: ^2.0.0
123 silly placeDep ROOT normalize-url@6.1.0 OK for: cacheable-request@7.0.2 want: ^6.0.1
124 silly fetch manifest mimic-response@^1.0.0
125 silly fetch manifest pump@^3.0.0
126 silly fetch manifest compress-brotli@^1.3.8
127 silly fetch manifest json-buffer@3.0.1
128 http fetch GET 200 https://registry.npmjs.org/pump 182ms (cache miss)
129 http fetch GET 200 https://registry.npmjs.org/json-buffer 217ms (cache miss)
130 http fetch GET 200 https://registry.npmjs.org/compress-brotli 271ms (cache miss)
131 timing idealTree:node_modules/cacheable-request Completed in 352ms
132 silly placeDep ROOT mimic-response@1.0.1 OK for: clone-response@1.0.3 want: ^1.0.0
133 timing idealTree:node_modules/clone-response Completed in 11ms
134 silly placeDep node_modules/decompress-response mimic-response@3.1.0 OK for: decompress-response@6.0.0 want: ^3.1.0
135 timing idealTree:node_modules/decompress-response Completed in 12ms
136 timing idealTree:node_modules/defer-to-connect Completed in 0ms
137 timing idealTree:node_modules/form-data-encoder Completed in 0ms
138 timing idealTree:node_modules/get-stream Completed in 0ms
139 timing idealTree:node_modules/http-cache-semantics Completed in 1ms
140 silly placeDep ROOT quick-lru@5.1.1 OK for: http2-wrapper@2.1.11 want: ^5.1.1
141 silly placeDep ROOT resolve-alpn@1.2.1 OK for: http2-wrapper@2.1.11 want: ^1.2.0
142 timing idealTree:node_modules/http2-wrapper Completed in 16ms
143 silly placeDep ROOT compress-brotli@1.3.8 OK for: keyv@4.4.1 want: ^1.3.8
144 silly placeDep ROOT json-buffer@3.0.1 OK for: keyv@4.4.1 want: 3.0.1
145 silly fetch manifest @types/json-buffer@~3.0.0
146 http fetch GET 200 https://registry.npmjs.org/@types%2fjson-buffer 168ms (cache miss)
147 timing idealTree:node_modules/keyv Completed in 193ms
148 silly placeDep ROOT @types/json-buffer@3.0.0 OK for: compress-brotli@1.3.8 want: ~3.0.0
149 timing idealTree:node_modules/compress-brotli Completed in 14ms
150 timing idealTree:node_modules/@types/json-buffer Completed in 0ms
151 timing idealTree:node_modules/json-buffer Completed in 0ms
152 timing idealTree:node_modules/lowercase-keys Completed in 0ms
153 timing idealTree:node_modules/mimic-response Completed in 0ms
154 timing idealTree:node_modules/normalize-url Completed in 1ms
155 timing idealTree:node_modules/p-cancelable Completed in 0ms
156 timing idealTree:node_modules/quick-lru Completed in 0ms
157 timing idealTree:node_modules/resolve-alpn Completed in 0ms
158 silly placeDep node_modules/responselike lowercase-keys@2.0.0 OK for: responselike@2.0.1 want: ^2.0.0
159 timing idealTree:node_modules/responselike Completed in 9ms
160 silly placeDep ROOT pump@3.0.0 OK for: get-stream@5.2.0 want: ^3.0.0
161 silly fetch manifest end-of-stream@^1.1.0
162 silly fetch manifest once@^1.3.1
163 http fetch GET 200 https://registry.npmjs.org/end-of-stream 140ms (cache miss)
164 http fetch GET 200 https://registry.npmjs.org/once 277ms (cache miss)
165 timing idealTree:node_modules/cacheable-request/node_modules/get-stream Completed in 302ms
166 silly placeDep ROOT end-of-stream@1.4.4 OK for: pump@3.0.0 want: ^1.1.0
167 silly placeDep ROOT once@1.4.0 OK for: pump@3.0.0 want: ^1.3.1
168 silly fetch manifest wrappy@1
169 http fetch GET 200 https://registry.npmjs.org/wrappy 333ms (cache miss)
170 timing idealTree:node_modules/pump Completed in 368ms
171 timing idealTree:node_modules/end-of-stream Completed in 0ms
172 silly placeDep ROOT wrappy@1.0.2 OK for: once@1.4.0 want: 1
173 timing idealTree:node_modules/once Completed in 12ms
174 timing idealTree:node_modules/wrappy Completed in 0ms
175 timing idealTree:node_modules/cacheable-request/node_modules/lowercase-keys Completed in 1ms
176 timing idealTree:node_modules/decompress-response/node_modules/mimic-response Completed in 0ms
177 timing idealTree:node_modules/responselike/node_modules/lowercase-keys Completed in 0ms
178 timing idealTree:buildDeps Completed in 6598ms
179 timing idealTree:fixDepFlags Completed in 11ms
180 timing idealTree Completed in 6737ms
181 timing reify:loadTrees Completed in 6741ms
182 timing reify:diffTrees Completed in 23ms
183 silly reify moves {}
184 timing reify:retireShallow Completed in 10ms
185 timing reify:createSparse Completed in 50ms
186 timing reify:loadBundles Completed in 0ms
187 silly audit bulk request {
187 silly audit   'google-translate-tts': [ '0.4.0-dev' ],
187 silly audit   got: [ '12.3.1' ],
187 silly audit   '@sindresorhus/is': [ '5.3.0' ],
187 silly audit   '@szmarczak/http-timer': [ '5.0.1' ],
187 silly audit   '@types/cacheable-request': [ '6.0.2' ],
187 silly audit   '@types/responselike': [ '1.0.0' ],
187 silly audit   'cacheable-lookup': [ '6.1.0' ],
187 silly audit   'cacheable-request': [ '7.0.2' ],
187 silly audit   'decompress-response': [ '6.0.0' ],
187 silly audit   'form-data-encoder': [ '2.1.0' ],
187 silly audit   'get-stream': [ '6.0.1', '5.2.0' ],
187 silly audit   'http2-wrapper': [ '2.1.11' ],
187 silly audit   'lowercase-keys': [ '3.0.0', '2.0.0' ],
187 silly audit   'p-cancelable': [ '3.0.0' ],
187 silly audit   responselike: [ '2.0.1' ],
187 silly audit   'defer-to-connect': [ '2.0.1' ],
187 silly audit   '@types/http-cache-semantics': [ '4.0.1' ],
187 silly audit   '@types/keyv': [ '3.1.4' ],
187 silly audit   '@types/node': [ '18.7.9' ],
187 silly audit   'clone-response': [ '1.0.3' ],
187 silly audit   'http-cache-semantics': [ '4.1.0' ],
187 silly audit   keyv: [ '4.4.1' ],
187 silly audit   'normalize-url': [ '6.1.0' ],
187 silly audit   'mimic-response': [ '1.0.1', '3.1.0' ],
187 silly audit   'quick-lru': [ '5.1.1' ],
187 silly audit   'resolve-alpn': [ '1.2.1' ],
187 silly audit   'compress-brotli': [ '1.3.8' ],
187 silly audit   'json-buffer': [ '3.0.1' ],
187 silly audit   '@types/json-buffer': [ '3.0.0' ],
187 silly audit   pump: [ '3.0.0' ],
187 silly audit   'end-of-stream': [ '1.4.4' ],
187 silly audit   once: [ '1.4.0' ],
187 silly audit   wrappy: [ '1.0.2' ]
187 silly audit }
188 silly tarball no local data for wrappy@https://registry.npmjs.org/wrappy/-/wrappy-1.0.2.tgz. Extracting by manifest.
189 silly tarball no local data for once@https://registry.npmjs.org/once/-/once-1.4.0.tgz. Extracting by manifest.
190 silly tarball no local data for end-of-stream@https://registry.npmjs.org/end-of-stream/-/end-of-stream-1.4.4.tgz. Extracting by manifest.
191 silly tarball no local data for pump@https://registry.npmjs.org/pump/-/pump-3.0.0.tgz. Extracting by manifest.
192 silly tarball no local data for json-buffer@https://registry.npmjs.org/json-buffer/-/json-buffer-3.0.1.tgz. Extracting by manifest.
193 silly tarball no local data for @types/json-buffer@https://registry.npmjs.org/@types/json-buffer/-/json-buffer-3.0.0.tgz. Extracting by manifest.
194 silly tarball no local data for compress-brotli@https://registry.npmjs.org/compress-brotli/-/compress-brotli-1.3.8.tgz. Extracting by manifest.
195 silly tarball no local data for quick-lru@https://registry.npmjs.org/quick-lru/-/quick-lru-5.1.1.tgz. Extracting by manifest.
196 silly tarball no local data for resolve-alpn@https://registry.npmjs.org/resolve-alpn/-/resolve-alpn-1.2.1.tgz. Extracting by manifest.
197 silly tarball no local data for mimic-response@https://registry.npmjs.org/mimic-response/-/mimic-response-1.0.1.tgz. Extracting by manifest.
198 silly tarball no local data for keyv@https://registry.npmjs.org/keyv/-/keyv-4.4.1.tgz. Extracting by manifest.
199 silly tarball no local data for normalize-url@https://registry.npmjs.org/normalize-url/-/normalize-url-6.1.0.tgz. Extracting by manifest.
200 silly tarball no local data for http-cache-semantics@https://registry.npmjs.org/http-cache-semantics/-/http-cache-semantics-4.1.0.tgz. Extracting by manifest.
201 silly tarball no local data for clone-response@https://registry.npmjs.org/clone-response/-/clone-response-1.0.3.tgz. Extracting by manifest.
202 silly tarball no local data for @types/keyv@https://registry.npmjs.org/@types/keyv/-/keyv-3.1.4.tgz. Extracting by manifest.
203 silly tarball no local data for defer-to-connect@https://registry.npmjs.org/defer-to-connect/-/defer-to-connect-2.0.1.tgz. Extracting by manifest.
204 silly tarball no local data for @types/http-cache-semantics@https://registry.npmjs.org/@types/http-cache-semantics/-/http-cache-semantics-4.0.1.tgz. Extracting by manifest.
205 silly tarball no local data for responselike@https://registry.npmjs.org/responselike/-/responselike-2.0.1.tgz. Extracting by manifest.
206 silly tarball no local data for p-cancelable@https://registry.npmjs.org/p-cancelable/-/p-cancelable-3.0.0.tgz. Extracting by manifest.
207 silly tarball no local data for lowercase-keys@https://registry.npmjs.org/lowercase-keys/-/lowercase-keys-3.0.0.tgz. Extracting by manifest.
208 silly tarball no local data for http2-wrapper@https://registry.npmjs.org/http2-wrapper/-/http2-wrapper-2.1.11.tgz. Extracting by manifest.
209 silly tarball no local data for get-stream@https://registry.npmjs.org/get-stream/-/get-stream-6.0.1.tgz. Extracting by manifest.
210 silly tarball no local data for form-data-encoder@https://registry.npmjs.org/form-data-encoder/-/form-data-encoder-2.1.0.tgz. Extracting by manifest.
211 silly tarball no local data for decompress-response@https://registry.npmjs.org/decompress-response/-/decompress-response-6.0.0.tgz. Extracting by manifest.
212 silly tarball no local data for cacheable-request@https://registry.npmjs.org/cacheable-request/-/cacheable-request-7.0.2.tgz. Extracting by manifest.
213 silly tarball no local data for cacheable-lookup@https://registry.npmjs.org/cacheable-lookup/-/cacheable-lookup-6.1.0.tgz. Extracting by manifest.
214 silly tarball no local data for @types/responselike@https://registry.npmjs.org/@types/responselike/-/responselike-1.0.0.tgz. Extracting by manifest.
215 silly tarball no local data for @types/cacheable-request@https://registry.npmjs.org/@types/cacheable-request/-/cacheable-request-6.0.2.tgz. Extracting by manifest.
216 silly tarball no local data for @types/node@https://registry.npmjs.org/@types/node/-/node-18.7.9.tgz. Extracting by manifest.
217 silly tarball no local data for @szmarczak/http-timer@https://registry.npmjs.org/@szmarczak/http-timer/-/http-timer-5.0.1.tgz. Extracting by manifest.
218 silly tarball no local data for got@https://registry.npmjs.org/got/-/got-12.3.1.tgz. Extracting by manifest.
219 silly tarball no local data for lowercase-keys@https://registry.npmjs.org/lowercase-keys/-/lowercase-keys-2.0.0.tgz. Extracting by manifest.
220 silly tarball no local data for @sindresorhus/is@https://registry.npmjs.org/@sindresorhus/is/-/is-5.3.0.tgz. Extracting by manifest.
221 silly tarball no local data for lowercase-keys@https://registry.npmjs.org/lowercase-keys/-/lowercase-keys-2.0.0.tgz. Extracting by manifest.
222 silly tarball no local data for mimic-response@https://registry.npmjs.org/mimic-response/-/mimic-response-3.1.0.tgz. Extracting by manifest.
223 silly tarball no local data for get-stream@https://registry.npmjs.org/get-stream/-/get-stream-5.2.0.tgz. Extracting by manifest.
224 http fetch POST 200 https://registry.npmjs.org/-/npm/v1/security/advisories/bulk 899ms
225 timing auditReport:getReport Completed in 921ms
226 silly audit report {}
227 timing auditReport:init Completed in 0ms
228 timing reify:audit Completed in 927ms
229 http fetch GET 200 https://registry.npmjs.org/mimic-response/-/mimic-response-1.0.1.tgz 1952ms (cache miss)
230 timing reifyNode:node_modules/mimic-response Completed in 2291ms
231 http fetch GET 200 https://registry.npmjs.org/wrappy/-/wrappy-1.0.2.tgz 2053ms (cache miss)
232 timing reifyNode:node_modules/wrappy Completed in 2301ms
233 http fetch GET 200 https://registry.npmjs.org/json-buffer/-/json-buffer-3.0.1.tgz 2042ms (cache miss)
234 timing reifyNode:node_modules/json-buffer Completed in 2326ms
235 http fetch GET 200 https://registry.npmjs.org/end-of-stream/-/end-of-stream-1.4.4.tgz 2066ms (cache miss)
236 timing reifyNode:node_modules/end-of-stream Completed in 2332ms
237 http fetch GET 200 https://registry.npmjs.org/resolve-alpn/-/resolve-alpn-1.2.1.tgz 2037ms (cache miss)
238 timing reifyNode:node_modules/resolve-alpn Completed in 2367ms
239 http fetch GET 200 https://registry.npmjs.org/@types/json-buffer/-/json-buffer-3.0.0.tgz 2071ms (cache miss)
240 timing reifyNode:node_modules/@types/json-buffer Completed in 2370ms
241 http fetch GET 200 https://registry.npmjs.org/defer-to-connect/-/defer-to-connect-2.0.1.tgz 1978ms (cache miss)
242 timing reifyNode:node_modules/defer-to-connect Completed in 2368ms
243 http fetch GET 200 https://registry.npmjs.org/@types/http-cache-semantics/-/http-cache-semantics-4.0.1.tgz 1974ms (cache miss)
244 timing reifyNode:node_modules/@types/http-cache-semantics Completed in 2374ms
245 http fetch GET 200 https://registry.npmjs.org/quick-lru/-/quick-lru-5.1.1.tgz 2069ms (cache miss)
246 timing reifyNode:node_modules/quick-lru Completed in 2387ms
247 http fetch GET 200 https://registry.npmjs.org/keyv/-/keyv-4.4.1.tgz 2041ms (cache miss)
248 timing reifyNode:node_modules/keyv Completed in 2389ms
249 http fetch GET 200 https://registry.npmjs.org/once/-/once-1.4.0.tgz 2139ms (cache miss)
250 timing reifyNode:node_modules/once Completed in 2396ms
251 http fetch GET 200 https://registry.npmjs.org/normalize-url/-/normalize-url-6.1.0.tgz 2038ms (cache miss)
252 timing reifyNode:node_modules/normalize-url Completed in 2394ms
253 http fetch GET 200 https://registry.npmjs.org/pump/-/pump-3.0.0.tgz 2135ms (cache miss)
254 timing reifyNode:node_modules/pump Completed in 2411ms
255 http fetch GET 200 https://registry.npmjs.org/p-cancelable/-/p-cancelable-3.0.0.tgz 1989ms (cache miss)
256 timing reifyNode:node_modules/p-cancelable Completed in 2406ms
257 http fetch GET 200 https://registry.npmjs.org/lowercase-keys/-/lowercase-keys-3.0.0.tgz 1984ms (cache miss)
258 timing reifyNode:node_modules/lowercase-keys Completed in 2409ms
259 http fetch GET 200 https://registry.npmjs.org/responselike/-/responselike-2.0.1.tgz 2003ms (cache miss)
260 timing reifyNode:node_modules/responselike Completed in 2411ms
261 http fetch GET 200 https://registry.npmjs.org/decompress-response/-/decompress-response-6.0.0.tgz 1956ms (cache miss)
262 timing reifyNode:node_modules/decompress-response Completed in 2414ms
263 http fetch GET 200 https://registry.npmjs.org/mimic-response/-/mimic-response-3.1.0.tgz 1803ms (cache miss)
264 timing reifyNode:node_modules/decompress-response/node_modules/mimic-response Completed in 2430ms
265 http fetch GET 200 https://registry.npmjs.org/compress-brotli/-/compress-brotli-1.3.8.tgz 2132ms (cache miss)
266 timing reifyNode:node_modules/compress-brotli Completed in 2440ms
267 http fetch GET 200 https://registry.npmjs.org/@types/keyv/-/keyv-3.1.4.tgz 2057ms (cache miss)
268 timing reifyNode:node_modules/@types/keyv Completed in 2438ms
269 http fetch GET 200 https://registry.npmjs.org/get-stream/-/get-stream-6.0.1.tgz 1997ms (cache miss)
270 timing reifyNode:node_modules/get-stream Completed in 2438ms
271 http fetch GET 200 https://registry.npmjs.org/lowercase-keys/-/lowercase-keys-2.0.0.tgz 1841ms (cache miss)
272 timing reifyNode:node_modules/responselike/node_modules/lowercase-keys Completed in 2443ms
273 http fetch GET 200 https://registry.npmjs.org/@types/cacheable-request/-/cacheable-request-6.0.2.tgz 1912ms (cache miss)
274 timing reifyNode:node_modules/@types/cacheable-request Completed in 2441ms
275 http fetch GET 200 https://registry.npmjs.org/@types/responselike/-/responselike-1.0.0.tgz 1932ms (cache miss)
276 timing reifyNode:node_modules/@types/responselike Completed in 2443ms
277 http fetch GET 200 https://registry.npmjs.org/cacheable-lookup/-/cacheable-lookup-6.1.0.tgz 1961ms (cache miss)
278 timing reifyNode:node_modules/cacheable-lookup Completed in 2452ms
279 http fetch GET 200 https://registry.npmjs.org/lowercase-keys/-/lowercase-keys-2.0.0.tgz 1840ms (cache miss)
280 timing reifyNode:node_modules/cacheable-request/node_modules/lowercase-keys Completed in 2457ms
281 http fetch GET 200 https://registry.npmjs.org/get-stream/-/get-stream-5.2.0.tgz 1846ms (cache miss)
282 timing reifyNode:node_modules/cacheable-request/node_modules/get-stream Completed in 2481ms
283 http fetch GET 200 https://registry.npmjs.org/cacheable-request/-/cacheable-request-7.0.2.tgz 2022ms (cache miss)
284 timing reifyNode:node_modules/cacheable-request Completed in 2489ms
285 http fetch GET 200 https://registry.npmjs.org/clone-response/-/clone-response-1.0.3.tgz 2123ms (cache miss)
286 timing reifyNode:node_modules/clone-response Completed in 2496ms
287 http fetch GET 200 https://registry.npmjs.org/@szmarczak/http-timer/-/http-timer-5.0.1.tgz 1921ms (cache miss)
288 timing reifyNode:node_modules/@szmarczak/http-timer Completed in 2499ms
289 http fetch GET 200 https://registry.npmjs.org/http-cache-semantics/-/http-cache-semantics-4.1.0.tgz 2159ms (cache miss)
290 timing reifyNode:node_modules/http-cache-semantics Completed in 2523ms
291 http fetch GET 200 https://registry.npmjs.org/http2-wrapper/-/http2-wrapper-2.1.11.tgz 2121ms (cache miss)
292 timing reifyNode:node_modules/http2-wrapper Completed in 2561ms
293 http fetch GET 200 https://registry.npmjs.org/form-data-encoder/-/form-data-encoder-2.1.0.tgz 2136ms (cache miss)
294 timing reifyNode:node_modules/form-data-encoder Completed in 2594ms
295 http fetch GET 200 https://registry.npmjs.org/@sindresorhus/is/-/is-5.3.0.tgz 1994ms (cache miss)
296 timing reifyNode:node_modules/@sindresorhus/is Completed in 2600ms
297 http fetch GET 200 https://registry.npmjs.org/got/-/got-12.3.1.tgz 2180ms (cache miss)
298 timing reifyNode:node_modules/got Completed in 2768ms
299 http fetch GET 200 https://registry.npmjs.org/@types/node/-/node-18.7.9.tgz 2340ms (cache miss)
300 timing reifyNode:node_modules/@types/node Completed in 2891ms
301 timing reify:unpack Completed in 2902ms
302 timing reify:unretire Completed in 2ms
303 timing build:queue Completed in 22ms
304 timing build:deps Completed in 25ms
305 timing build Completed in 27ms
306 timing reify:build Completed in 29ms
307 timing reify:trash Completed in 0ms
308 timing reify:save Completed in 106ms
309 timing reify Completed in 10003ms
310 silly ADD node_modules/wrappy
311 silly ADD node_modules/once
312 silly ADD node_modules/end-of-stream
313 silly ADD node_modules/pump
314 silly ADD node_modules/@types/json-buffer
315 silly ADD node_modules/json-buffer
316 silly ADD node_modules/compress-brotli
317 silly ADD node_modules/resolve-alpn
318 silly ADD node_modules/quick-lru
319 silly ADD node_modules/mimic-response
320 silly ADD node_modules/normalize-url
321 silly ADD node_modules/keyv
322 silly ADD node_modules/http-cache-semantics
323 silly ADD node_modules/clone-response
324 silly ADD node_modules/@types/node
325 silly ADD node_modules/@types/keyv
326 silly ADD node_modules/@types/http-cache-semantics
327 silly ADD node_modules/defer-to-connect
328 silly ADD node_modules/responselike
329 silly ADD node_modules/responselike/node_modules/lowercase-keys
330 silly ADD node_modules/p-cancelable
331 silly ADD node_modules/lowercase-keys
332 silly ADD node_modules/http2-wrapper
333 silly ADD node_modules/get-stream
334 silly ADD node_modules/form-data-encoder
335 silly ADD node_modules/decompress-response
336 silly ADD node_modules/decompress-response/node_modules/mimic-response
337 silly ADD node_modules/cacheable-request
338 silly ADD node_modules/cacheable-request/node_modules/lowercase-keys
339 silly ADD node_modules/cacheable-request/node_modules/get-stream
340 silly ADD node_modules/cacheable-lookup
341 silly ADD node_modules/@types/responselike
342 silly ADD node_modules/@types/cacheable-request
343 silly ADD node_modules/@szmarczak/http-timer
344 silly ADD node_modules/@sindresorhus/is
345 silly ADD node_modules/got
346 timing command:install Completed in 10045ms
347 verbose exit 0
348 timing npm Completed in 10861ms
349 info ok
